Remove Pin=R?-1 From Net=P16
Remove Pin=R?-1 From Net=P17
Change Component Footprint: Designator=C1 Old Footprint=0603_C New Footprint=0402_C
Change Component Footprint: Designator=C4 Old Footprint=0603_C New Footprint=0402_C
Change Component Footprint: Designator=C5 Old Footprint=0603_C New Footprint=0402_C
Change Component Footprint: Designator=C6 Old Footprint=0603_C New Footprint=0402_C
Change Component Footprint: Designator=C7 Old Footprint=0603_C New Footprint=0402_C
Change Component Footprint: Designator=C8 Old Footprint=0603_C New Footprint=0402_C
Change Component Footprint: Designator=R1 Old Footprint=0603_R New Footprint=0402_R
Change Component Designator: OldDesignator=C1 NewDesignator=C4
Change Component Designator: OldDesignator=C4 NewDesignator=C5
Change Component Designator: OldDesignator=C5 NewDesignator=C6
Change Component Designator: OldDesignator=C6 NewDesignator=C7
Change Component Designator: OldDesignator=C7 NewDesignator=C8
Change Component Designator: OldDesignator=C8 NewDesignator=C9
Change Component Designator: OldDesignator=R1 NewDesignator=R2
Change Component Designator: OldDesignator=U1 NewDesignator=U2
Change Component Designator: OldDesignator=U2 NewDesignator=U3
Change Pin Package Length: Pin=U3-1 Old Length=5mm New Length=0mm
Change Pin Package Length: Pin=U3-2 Old Length=5mm New Length=0mm
Change Pin Package Length: Pin=U3-3 Old Length=5mm New Length=0mm
